
> hireveri-calm@0.1.0 start
> next start --port 3107

▲ Next.js 16.1.1
- Local:         http://localhost:3107
- Network:       http://192.168.0.101:3107

✓ Starting...
✓ Ready in 727ms
[session/answer] request:start
(node:40396) Warning: SECURITY WARNING: The SSL modes 'prefer', 'require', and 'verify-ca' are treated as aliases for 'verify-full'.
In the next major version (pg-connection-string v3.0.0 and pg v9.0.0), these modes will adopt standard libpq semantics, which have weaker security guarantees.

To prepare for this change:
- If you want the current behavior, explicitly use 'sslmode=verify-full'
- If you want libpq compatibility now, use 'uselibpqcompat=true&sslmode=require'

See https://www.postgresql.org/docs/current/libpq-ssl.html for libpq SSL mode definitions.
(Use `node --trace-warnings ...` to show where the warning was created)
(node:40396) Warning: Setting the NODE_TLS_REJECT_UNAUTHORIZED environment variable to '0' makes TLS connections and HTTPS requests insecure by disabling certificate verification.
{
  question_id: '5c0c4086-abb0-4ed8-895f-79a8ccbd71c6',
  question_text: 'Explain your experience',
  answer: 'I have experience working as a database administrator and support engineer, handling SQL troubleshooting, backup checks, incident analysis, and production monitoring. In a recent project, I improved query response time by reviewing slow SQL plans, adding safer indexes, and validating the change during a maintenance window.'
}
[session/answer] final-save 3473ms status=completed
{"attemptId":"ddf61329-7cc1-4a2e-87f2-d2f0bc8e4f4b","candidateId":"8a51b533-286a-41ce-a1b9-fc33e65e3bc3","questionSequence":null,"aiLatencyMs":3473,"state":"ANSWER_PROCESSING","nextState":"FOLLOWUP_GENERATING","event":"answer.completed","at":"2026-05-08T05:22:25.734Z","interviewId":null,"orgId":null,"recruiterId":null,"timerState":null,"websocketEvent":null,"livekitEvent":null,"prismaFailure":null}
{"attemptId":"ddf61329-7cc1-4a2e-87f2-d2f0bc8e4f4b","aiLatencyMs":null,"score":0.8,"clarityScore":0.7,"confidenceScore":0.9,"fraudScore":0.1,"event":"answer.evaluated","at":"2026-05-08T05:22:37.750Z","interviewId":null,"orgId":null,"recruiterId":null,"candidateId":null,"questionSequence":null,"timerState":null,"websocketEvent":null,"livekitEvent":null,"state":null,"nextState":null,"prismaFailure":null}
[session/next-question] request:start
{"attemptId":"ddf61329-7cc1-4a2e-87f2-d2f0bc8e4f4b","interviewId":"6b2a22fb-6d9c-490e-b136-de913d0a6a29","timerState":{"serverNow":"2026-05-08T05:22:43.693Z","startedAt":"2026-05-08T05:03:07.388Z","endsAt":"2026-05-08T05:33:07.388Z","elapsedSeconds":1176,"remainingSeconds":624,"expired":false},"state":"ANSWER_PROCESSING","nextState":"QUESTION_GENERATING","event":"question.next_requested","at":"2026-05-08T05:22:43.693Z","orgId":null,"recruiterId":null,"candidateId":null,"questionSequence":null,"aiLatencyMs":null,"websocketEvent":null,"livekitEvent":null,"prismaFailure":null}
{"attemptId":"ddf61329-7cc1-4a2e-87f2-d2f0bc8e4f4b","interviewId":"6b2a22fb-6d9c-490e-b136-de913d0a6a29","questionSequence":2,"aiLatencyMs":2405,"state":"FOLLOWUP_GENERATING","nextState":"QUESTION_ACTIVE","timerState":{"serverNow":"2026-05-08T05:22:43.693Z","startedAt":"2026-05-08T05:03:07.388Z","endsAt":"2026-05-08T05:33:07.388Z","elapsedSeconds":1176,"remainingSeconds":624,"expired":false},"followUpIntent":"clarification","event":"question.created","at":"2026-05-08T05:22:45.866Z","orgId":null,"recruiterId":null,"candidateId":null,"websocketEvent":null,"livekitEvent":null,"prismaFailure":null}
[session/next-question] db:get-next 2405ms total=2405ms
