
> hireveri-calm@0.1.0 start
> next start --port 3106

▲ Next.js 16.1.1
- Local:         http://localhost:3106
- Network:       http://192.168.0.101:3106

✓ Starting...
✓ Ready in 621ms
(node:17960) Warning: SECURITY WARNING: The SSL modes 'prefer', 'require', and 'verify-ca' are treated as aliases for 'verify-full'.
In the next major version (pg-connection-string v3.0.0 and pg v9.0.0), these modes will adopt standard libpq semantics, which have weaker security guarantees.

To prepare for this change:
- If you want the current behavior, explicitly use 'sslmode=verify-full'
- If you want libpq compatibility now, use 'uselibpqcompat=true&sslmode=require'

See https://www.postgresql.org/docs/current/libpq-ssl.html for libpq SSL mode definitions.
(Use `node --trace-warnings ...` to show where the warning was created)
(node:17960) Warning: Setting the NODE_TLS_REJECT_UNAUTHORIZED environment variable to '0' makes TLS connections and HTTPS requests insecure by disabling certificate verification.
[session/question] request:start
[session/question] fallback:create 121ms total=121ms
{"attemptId":"ddf61329-7cc1-4a2e-87f2-d2f0bc8e4f4b","interviewId":"6b2a22fb-6d9c-490e-b136-de913d0a6a29","questionSequence":1,"aiLatencyMs":121,"state":"QUESTION_GENERATING","nextState":"QUESTION_ACTIVE","timerState":{"endsAt":"2026-05-08T05:33:07.388Z"},"event":"question.initial_ready","at":"2026-05-08T05:21:05.533Z","orgId":null,"recruiterId":null,"candidateId":null,"websocketEvent":null,"livekitEvent":null,"prismaFailure":null}
[session/answer] request:start
[session/answer] error after 245ms: 
Invalid `prisma.$queryRaw()` invocation:


Raw query failed. Code: `42P10`. Message: `there is no unique or exclusion constraint matching the ON CONFLICT specification`
